0 verbose cli C:\Program Files\nodejs\node.exe C:\Program Files\nodejs\node_modules\npm\bin\npm-cli.js
1 info using npm@9.6.7
2 info using node@v18.17.1
3 timing npm:load:whichnode Completed in 1ms
4 timing config:load:defaults Completed in 1ms
5 timing config:load:file:C:\Program Files\nodejs\node_modules\npm\npmrc Completed in 2ms
6 timing config:load:builtin Completed in 2ms
7 timing config:load:cli Completed in 1ms
8 timing config:load:env Completed in 1ms
9 timing config:load:file:e:\Work\pick-drop\packages\libs\.npmrc Completed in 1ms
10 timing config:load:project Completed in 1ms
11 timing config:load:file:C:\Users\Umer Farooq\.npmrc Completed in 0ms
12 timing config:load:user Completed in 0ms
13 timing config:load:file:e:\Work\pick-drop\packages\libs\npm\etc\npmrc Completed in 0ms
14 timing config:load:global Completed in 0ms
15 timing config:load:setEnvs Completed in 1ms
16 timing config:load Completed in 7ms
17 timing npm:load:configload Completed in 7ms
18 timing npm:load:mkdirpcache Completed in 0ms
19 timing npm:load:mkdirplogs Completed in 0ms
20 verbose title npm view @nestjs/mapped-types description dist-tags.latest homepage version time
21 verbose argv "view" "--json" "--" "@nestjs/mapped-types" "description" "dist-tags.latest" "homepage" "version" "time"
22 timing npm:load:setTitle Completed in 1ms
23 timing config:load:flatten Completed in 1ms
24 timing npm:load:display Completed in 2ms
25 verbose logfile logs-max:10 dir:e:\Work\pick-drop\packages\libs\npm\cache\_logs\2024-10-06T13_29_32_519Z-
26 verbose logfile e:\Work\pick-drop\packages\libs\npm\cache\_logs\2024-10-06T13_29_32_519Z-debug-0.log
27 timing npm:load:logFile Completed in 5ms
28 timing npm:load:timers Completed in 0ms
29 timing npm:load:configScope Completed in 0ms
30 timing npm:load Completed in 16ms
31 silly logfile done cleaning log files
32 http fetch GET 200 https://registry.npmjs.org/npm 824ms (cache miss)
33 http fetch GET 200 https://registry.npmjs.org/@nestjs%2fmapped-types 1861ms (cache miss)
34 timing command:view Completed in 1867ms
35 notice
35 notice New major version of npm available! 9.6.7 -> 10.9.0
35 notice Changelog: <https://github.com/npm/cli/releases/tag/v10.9.0>
35 notice Run `npm install -g npm@10.9.0` to update!
35 notice
36 verbose exit 0
37 timing npm Completed in 1991ms
38 info ok
